[02-Nov-2025 00:30:36 UTC] Bulk upload request received
[02-Nov-2025 00:30:36 UTC] Files received: Array
(
    [excel_file] => Array
        (
            [name] => sites_bulk_upload_template (1).xlsx
            [full_path] => sites_bulk_upload_template (1).xlsx
            [type] => application/vnd.openxmlformats-officedocument.spreadsheetml.sheet
            [tmp_name] => C:\Users\Aniruddh\AppData\Local\Temp\php339F.tmp
            [error] => 0
            [size] => 8498
        )

)

[02-Nov-2025 00:34:14 UTC] Bulk upload request received
[02-Nov-2025 00:34:14 UTC] Files received: Array
(
    [excel_file] => Array
        (
            [name] => 
            [full_path] => 
            [type] => 
            [tmp_name] => 
            [error] => 4
            [size] => 0
        )

)

[02-Nov-2025 00:34:26 UTC] Bulk upload request received
[02-Nov-2025 00:34:26 UTC] Files received: Array
(
    [excel_file] => Array
        (
            [name] => sites_bulk_upload_template (1).xlsx
            [full_path] => sites_bulk_upload_template (1).xlsx
            [type] => application/vnd.openxmlformats-officedocument.spreadsheetml.sheet
            [tmp_name] => C:\Users\Aniruddh\AppData\Local\Temp\phpB526.tmp
            [error] => 0
            [size] => 8498
        )

)

[02-Nov-2025 00:34:26 UTC] Bulk upload request received
[02-Nov-2025 00:34:26 UTC] Files received: Array
(
    [excel_file] => Array
        (
            [name] => sites_bulk_upload_template (1).xlsx
            [full_path] => sites_bulk_upload_template (1).xlsx
            [type] => application/vnd.openxmlformats-officedocument.spreadsheetml.sheet
            [tmp_name] => C:\Users\Aniruddh\AppData\Local\Temp\phpB546.tmp
            [error] => 0
            [size] => 8498
        )

)

[02-Nov-2025 00:34:30 UTC] Bulk upload request received
[02-Nov-2025 00:34:30 UTC] Files received: Array
(
    [excel_file] => Array
        (
            [name] => sites_bulk_upload_template (1).xlsx
            [full_path] => sites_bulk_upload_template (1).xlsx
            [type] => application/vnd.openxmlformats-officedocument.spreadsheetml.sheet
            [tmp_name] => C:\Users\Aniruddh\AppData\Local\Temp\phpC3BE.tmp
            [error] => 0
            [size] => 8498
        )

)

[02-Nov-2025 00:47:45 UTC] Bulk upload request received
[02-Nov-2025 00:47:45 UTC] Files received: Array
(
    [excel_file] => Array
        (
            [name] => sites_bulk_upload_template (1).xlsx
            [full_path] => sites_bulk_upload_template (1).xlsx
            [type] => application/vnd.openxmlformats-officedocument.spreadsheetml.sheet
            [tmp_name] => C:\Users\Aniruddh\AppData\Local\Temp\phpE4E9.tmp
            [error] => 0
            [size] => 8498
        )

)

[02-Nov-2025 01:05:45 UTC] Bulk upload request received
[02-Nov-2025 01:05:45 UTC] Files received: Array
(
    [excel_file] => Array
        (
            [name] => sites_bulk_upload_template.xlsx
            [full_path] => sites_bulk_upload_template.xlsx
            [type] => application/vnd.openxmlformats-officedocument.spreadsheetml.sheet
            [tmp_name] => C:\Users\Aniruddh\AppData\Local\Temp\php622B.tmp
            [error] => 0
            [size] => 8498
        )

)

[02-Nov-2025 01:09:53 UTC] Bulk upload request received
[02-Nov-2025 01:09:53 UTC] Files received: Array
(
    [excel_file] => Array
        (
            [name] => sites_bulk_upload_template.xlsx
            [full_path] => sites_bulk_upload_template.xlsx
            [type] => application/vnd.openxmlformats-officedocument.spreadsheetml.sheet
            [tmp_name] => C:\Users\Aniruddh\AppData\Local\Temp\php29C3.tmp
            [error] => 0
            [size] => 10757
        )

)

