{"timestamp":"2025-11-01 14:32:54","level":"ERROR","message":"Login error","user_id":"guest","ip_address":"::1","context":{"username":"admin","error":"SQLSTATE[42S02]: Base table or view not found: 1146 Table 'site_installation_management.users' doesn't exist"}}
{"timestamp":"2025-11-01 14:33:18","level":"WARNING","message":"User login failed","user_id":"guest","ip_address":"::1","context":{"username":"admin","success":false}}
{"timestamp":"2025-11-01 14:33:24","level":"WARNING","message":"User login failed","user_id":"guest","ip_address":"::1","context":{"username":"admin","success":false}}
{"timestamp":"2025-11-01 14:34:32","level":"WARNING","message":"User login failed","user_id":"guest","ip_address":"::1","context":{"username":"admin","success":false}}
{"timestamp":"2025-11-01 14:34:34","level":"WARNING","message":"User login failed","user_id":"guest","ip_address":"::1","context":{"username":"admin","success":false}}
{"timestamp":"2025-11-01 14:42:18","level":"WARNING","message":"User login failed","user_id":"guest","ip_address":"::1","context":{"username":"reporting","success":false}}
{"timestamp":"2025-11-01 14:42:25","level":"WARNING","message":"User login failed","user_id":"guest","ip_address":"::1","context":{"username":"admin","success":false}}
{"timestamp":"2025-11-01 14:42:33","level":"WARNING","message":"User login failed","user_id":"guest","ip_address":"::1","context":{"username":"admin","success":false}}
{"timestamp":"2025-11-01 14:42:39","level":"WARNING","message":"User login failed","user_id":"guest","ip_address":"::1","context":{"username":"admin","success":false}}
{"timestamp":"2025-11-01 14:42:40","level":"WARNING","message":"User login failed","user_id":"guest","ip_address":"::1","context":{"username":"admin","success":false}}
{"timestamp":"2025-11-01 14:43:49","level":"WARNING","message":"User login failed","user_id":"guest","ip_address":"::1","context":{"username":"admin","success":false}}
{"timestamp":"2025-11-01 14:45:26","level":"INFO","message":"User login successful","user_id":1,"ip_address":"::1","context":{"username":"admin","success":true}}
{"timestamp":"2025-11-01 15:06:04","level":"WARNING","message":"User login failed","user_id":"guest","ip_address":"::1","context":{"username":"vikas@gmail.com","success":false}}
{"timestamp":"2025-11-01 15:06:41","level":"WARNING","message":"User login failed","user_id":"guest","ip_address":"::1","context":{"username":"vikkas@gmail.com","success":false}}
{"timestamp":"2025-11-01 15:07:03","level":"WARNING","message":"User login failed","user_id":"guest","ip_address":"::1","context":{"username":"vikas@gmail.com","success":false}}
{"timestamp":"2025-11-01 15:07:18","level":"WARNING","message":"User login failed","user_id":"guest","ip_address":"::1","context":{"username":"vikas@gmail.com","success":false}}
{"timestamp":"2025-11-01 15:08:22","level":"WARNING","message":"User login failed","user_id":"guest","ip_address":"::1","context":{"username":"vikas@gmail.com","success":false}}
{"timestamp":"2025-11-01 15:08:39","level":"WARNING","message":"User login failed","user_id":"guest","ip_address":"::1","context":{"username":"Vikas Pal","success":false}}
{"timestamp":"2025-11-01 15:08:47","level":"WARNING","message":"User login failed","user_id":"guest","ip_address":"::1","context":{"username":"Vikas Pal","success":false}}
{"timestamp":"2025-11-01 15:09:00","level":"WARNING","message":"User login failed","user_id":"guest","ip_address":"::1","context":{"username":"vikas","success":false}}
{"timestamp":"2025-11-01 15:09:07","level":"INFO","message":"User login successful","user_id":1,"ip_address":"::1","context":{"username":"admin","success":true}}
{"timestamp":"2025-11-01 15:09:58","level":"INFO","message":"User logout","user_id":1,"ip_address":"::1","context":{"username":"admin"}}
{"timestamp":"2025-11-01 15:10:50","level":"INFO","message":"User login successful","user_id":1,"ip_address":"::1","context":{"username":"admin","success":true}}
{"timestamp":"2025-11-01 15:20:41","level":"INFO","message":"User login successful","user_id":3,"ip_address":"::1","context":{"username":"bobby@email.com","success":true}}
{"timestamp":"2025-11-01 15:29:05","level":"INFO","message":"User logout","user_id":3,"ip_address":"::1","context":{"username":"bobby bagga"}}
{"timestamp":"2025-11-01 15:29:13","level":"WARNING","message":"User login failed","user_id":"guest","ip_address":"::1","context":{"username":"admin","success":false}}
{"timestamp":"2025-11-01 15:29:22","level":"WARNING","message":"User login failed","user_id":"guest","ip_address":"::1","context":{"username":"admin","success":false}}
{"timestamp":"2025-11-01 15:29:43","level":"INFO","message":"User login successful","user_id":1,"ip_address":"::1","context":{"username":"admin@example.com","success":true}}
{"timestamp":"2025-11-01 18:34:51","level":"WARNING","message":"User login failed","user_id":"guest","ip_address":"::1","context":{"username":"admin@example.com","success":false}}
{"timestamp":"2025-11-01 18:34:58","level":"INFO","message":"User login successful","user_id":1,"ip_address":"::1","context":{"username":"admin@example.com","success":true}}
{"timestamp":"2025-11-01 19:00:25","level":"WARNING","message":"User login failed","user_id":"guest","ip_address":"::1","context":{"username":"vikas@gmail.com","success":false}}
{"timestamp":"2025-11-01 19:00:30","level":"WARNING","message":"User login failed","user_id":"guest","ip_address":"::1","context":{"username":"vikas@gmail.com","success":false}}
{"timestamp":"2025-11-01 19:00:46","level":"INFO","message":"User login successful","user_id":3,"ip_address":"::1","context":{"username":"bobby@email.com","success":true}}
{"timestamp":"2025-11-01 19:38:54","level":"WARNING","message":"User login failed","user_id":"guest","ip_address":"::1","context":{"username":"admin@example.com","success":false}}
{"timestamp":"2025-11-01 19:38:59","level":"WARNING","message":"User login failed","user_id":"guest","ip_address":"::1","context":{"username":"admin@example.com","success":false}}
{"timestamp":"2025-11-01 19:39:03","level":"WARNING","message":"User login failed","user_id":"guest","ip_address":"::1","context":{"username":"admin@example.com","success":false}}
{"timestamp":"2025-11-01 19:39:07","level":"INFO","message":"User login successful","user_id":1,"ip_address":"::1","context":{"username":"admin@example.com","success":true}}
{"timestamp":"2025-11-01 20:41:22","level":"INFO","message":"User login successful","user_id":1,"ip_address":"::1","context":{"username":"admin@example.com","success":true}}
{"timestamp":"2025-11-01 23:32:00","level":"INFO","message":"User login successful","user_id":1,"ip_address":"::1","context":{"username":"admin@example.com","success":true}}
{"timestamp":"2025-11-02 00:34:03","level":"INFO","message":"User login successful","user_id":1,"ip_address":"::1","context":{"username":"admin@example.com","success":true}}
{"timestamp":"2025-11-02 01:36:06","level":"INFO","message":"User login successful","user_id":1,"ip_address":"::1","context":{"username":"admin@example.com","success":true}}
{"timestamp":"2025-11-02 01:48:02","level":"INFO","message":"User login successful","user_id":4,"ip_address":"::1","context":{"username":"contact@techinstall.com","success":true}}
{"timestamp":"2025-11-02 03:37:18","level":"INFO","message":"User login successful","user_id":1,"ip_address":"::1","context":{"username":"admin@example.com","success":true}}
{"timestamp":"2025-11-02 03:38:39","level":"INFO","message":"User login successful","user_id":4,"ip_address":"::1","context":{"username":"contact@techinstall.com","success":true}}
{"timestamp":"2025-11-02 07:49:49","level":"INFO","message":"User login successful","user_id":4,"ip_address":"::1","context":{"username":"contact@techinstall.com","success":true}}
{"timestamp":"2025-11-02 08:50:38","level":"INFO","message":"User login successful","user_id":1,"ip_address":"::1","context":{"username":"admin@example.com","success":true}}
{"timestamp":"2025-11-02 10:11:37","level":"WARNING","message":"User login failed","user_id":"guest","ip_address":"::1","context":{"username":"admin@example.com","success":false}}
{"timestamp":"2025-11-02 10:11:42","level":"INFO","message":"User login successful","user_id":1,"ip_address":"::1","context":{"username":"admin@example.com","success":true}}
{"timestamp":"2025-11-02 10:13:08","level":"WARNING","message":"User login failed","user_id":"guest","ip_address":"::1","context":{"username":"techinstall_solutions","success":false}}
{"timestamp":"2025-11-02 10:13:18","level":"INFO","message":"User login successful","user_id":4,"ip_address":"::1","context":{"username":"contact@techinstall.com","success":true}}
{"timestamp":"2025-11-02 11:12:49","level":"INFO","message":"User login successful","user_id":1,"ip_address":"::1","context":{"username":"admin@example.com","success":true}}
{"timestamp":"2025-11-02 11:29:18","level":"INFO","message":"User login successful","user_id":4,"ip_address":"::1","context":{"username":"contact@techinstall.com","success":true}}
{"timestamp":"2025-11-02 12:13:06","level":"INFO","message":"User login successful","user_id":1,"ip_address":"::1","context":{"username":"admin@example.com","success":true}}
{"timestamp":"2025-11-02 12:51:49","level":"INFO","message":"User login successful","user_id":4,"ip_address":"::1","context":{"username":"contact@techinstall.com","success":true}}
{"timestamp":"2025-11-02 13:13:28","level":"INFO","message":"User login successful","user_id":4,"ip_address":"::1","context":{"username":"contact@techinstall.com","success":true}}
{"timestamp":"2025-11-02 13:14:04","level":"INFO","message":"User logout","user_id":4,"ip_address":"::1","context":{"username":"techinstall_solutions"}}
{"timestamp":"2025-11-02 13:14:13","level":"INFO","message":"User login successful","user_id":1,"ip_address":"::1","context":{"username":"admin@example.com","success":true}}
{"timestamp":"2025-11-02 15:27:34","level":"INFO","message":"User login successful","user_id":1,"ip_address":"::1","context":{"username":"admin@example.com","success":true}}
{"timestamp":"2025-11-02 15:58:23","level":"INFO","message":"User login successful","user_id":4,"ip_address":"::1","context":{"username":"contact@techinstall.com","success":true}}
{"timestamp":"2025-11-02 16:31:00","level":"INFO","message":"User login successful","user_id":1,"ip_address":"::1","context":{"username":"admin@example.com","success":true}}
{"timestamp":"2025-11-02 16:34:37","level":"INFO","message":"User logout","user_id":4,"ip_address":"::1","context":{"username":"techinstall_solutions"}}
{"timestamp":"2025-11-02 16:34:48","level":"INFO","message":"User login successful","user_id":4,"ip_address":"::1","context":{"username":"contact@techinstall.com","success":true}}
{"timestamp":"2025-11-02 17:31:35","level":"INFO","message":"User login successful","user_id":1,"ip_address":"::1","context":{"username":"admin@example.com","success":true}}
{"timestamp":"2025-11-02 18:15:33","level":"INFO","message":"User login successful","user_id":4,"ip_address":"::1","context":{"username":"contact@techinstall.com","success":true}}
{"timestamp":"2025-11-02 18:26:37","level":"INFO","message":"User logout","user_id":4,"ip_address":"::1","context":{"username":"techinstall_solutions"}}
{"timestamp":"2025-11-02 18:26:54","level":"INFO","message":"User login successful","user_id":7,"ip_address":"::1","context":{"username":"hello@fasttrack.com","success":true}}
{"timestamp":"2025-11-02 19:00:54","level":"INFO","message":"User login successful","user_id":1,"ip_address":"::1","context":{"username":"admin@example.com","success":true}}
{"timestamp":"2025-11-02 19:28:00","level":"INFO","message":"User login successful","user_id":7,"ip_address":"::1","context":{"username":"hello@fasttrack.com","success":true}}
